<?xml version="1.0" encoding="UTF-8"?>
<testsuite xmlns:xsi="http://www.w3.org/2001/XMLSchema-instance" xsi:noNamespaceSchemaLocation="https://maven.apache.org/surefire/maven-surefire-plugin/xsd/surefire-test-report.xsd" version="3.0.2" name="com.payshack.payin.tests.PayinStatusCheckTest" time="5.134" tests="10" errors="0" skipped="0" failures="10">
  <properties>
[...]
</properties>
  <testcase name="tc01_verifyHttpStatusCodeIs200" classname="com.payshack.payin.tests.PayinStatusCheckTest" time="0.556">
    <failure message="HTTP status code mismatch expected:&lt;200&gt; but was:&lt;500&gt;" type="java.lang.AssertionError"><![CDATA[java.lang.AssertionError: HTTP status code mismatch expected:<200> but was:<500>
	at org.junit.Assert.fail(Assert.java:89)
	at org.junit.Assert.failNotEquals(Assert.java:835)
	at org.junit.Assert.assertEquals(Assert.java:647)
	at com.payshack.payin.tests.PayinStatusCheckTest.tc01_verifyHttpStatusCodeIs200(PayinStatusCheckTest.java:50)
	at java.base/jdk.internal.reflect.DirectMethodHandleAccessor.invoke(DirectMethodHandleAccessor.java:103)
	at java.base/java.lang.reflect.Method.invoke(Method.java:580)
	at org.junit.runners.model.FrameworkMethod$1.runReflectiveCall(FrameworkMethod.java:59)
	at org.junit.internal.runners.model.ReflectiveCallable.run(ReflectiveCallable.java:12)
	at org.junit.runners.model.FrameworkMethod.invokeExplosively(FrameworkMethod.java:56)
	at org.junit.internal.runners.statements.InvokeMethod.evaluate(InvokeMethod.java:17)
	at org.junit.internal.runners.statements.RunBefores.evaluate(RunBefores.java:26)
	at org.junit.internal.runners.statements.RunAfters.evaluate(RunAfters.java:27)
	at org.junit.runners.ParentRunner$3.evaluate(ParentRunner.java:306)
	at org.junit.runners.BlockJUnit4ClassRunner$1.evaluate(BlockJUnit4ClassRunner.java:100)
	at org.junit.runners.ParentRunner.runLeaf(ParentRunner.java:366)
	at org.junit.runners.BlockJUnit4ClassRunner.runChild(BlockJUnit4ClassRunner.java:103)
	at org.junit.runners.BlockJUnit4ClassRunner.runChild(BlockJUnit4ClassRunner.java:63)
	at org.junit.runners.ParentRunner$4.run(ParentRunner.java:331)
	at org.junit.runners.ParentRunner$1.schedule(ParentRunner.java:79)
	at org.junit.runners.ParentRunner.runChildren(ParentRunner.java:329)
	at org.junit.runners.ParentRunner.access$100(ParentRunner.java:66)
	at org.junit.runners.ParentRunner$2.evaluate(ParentRunner.java:293)
	at org.junit.runners.ParentRunner$3.evaluate(ParentRunner.java:306)
	at org.junit.runners.ParentRunner.run(ParentRunner.java:413)
	at org.apache.maven.surefire.junit4.JUnit4Provider.execute(JUnit4Provider.java:316)
	at org.apache.maven.surefire.junit4.JUnit4Provider.executeWithRerun(JUnit4Provider.java:240)
	at org.apache.maven.surefire.junit4.JUnit4Provider.executeTestSet(JUnit4Provider.java:214)
	at org.apache.maven.surefire.junit4.JUnit4Provider.invoke(JUnit4Provider.java:155)
	at org.apache.maven.surefire.booter.ForkedBooter.runSuitesInProcess(ForkedBooter.java:385)
	at org.apache.maven.surefire.booter.ForkedBooter.execute(ForkedBooter.java:162)
	at org.apache.maven.surefire.booter.ForkedBooter.run(ForkedBooter.java:507)
	at org.apache.maven.surefire.booter.ForkedBooter.main(ForkedBooter.java:495)
]]></failure>
    <system-out><![CDATA[20:10:59.170 INFO  [c.p.p.t.PayinStatusCheckTest] --- Starting: PayinStatusCheckTest ---
20:10:59.173 INFO  [c.p.payin.api.PayinApiService] POST /indigate-payin-svc/api/v1/payin/ext/txn/status | orderId=your_order_id_here
Request method:	POST
Request URI:	https://api.payshack.in/indigate-payin-svc/api/v1/payin/ext/txn/status
Proxy:			<none>
Request params:	<none>
Query params:	<none>
Form params:	<none>
Path params:	<none>
Headers:		client-id=d6ae4e22-412e-4a0d-aed1-a3fae802d68b
				secret-key=0aecf680-970c-4938-a3e0-2177d293820d
				Accept=*/*
				Content-Type=application/json
Cookies:		<none>
Multiparts:		<none>
Body:
{
    "checksum": "3fe062b191e3c462830900ed9834ade5c3d71bc8a6423239a6c132cb6e264e7d",
    "encryptedBody": "Lp5J5oc83H8ayah3sdlhJ4xmL77dXonAzw5wtUPaPcZlLwfZmJoqrntimOBRm+M8"
}
HTTP/1.1 500 Internal Server Error
Content-Type: application/json; charset=utf-8
Content-Length: 141
Connection: keep-alive
Date: Wed, 17 Jun 2026 14:40:59 GMT
vary: Origin
access-control-allow-origin: *
Server: APISIX/2.15.1
X-APISIX-Upstream-Status: 500
Access-Control-Allow-Methods: *
Access-Control-Max-Age: 5
Access-Control-Expose-Headers: *
Access-Control-Allow-Headers: *

{
    "timestamp": "2026-06-17T14:40:59.668Z",
    "statusCode": 500,
    "status": "Internal Server Error",
    "message": "Transaction not found!",
    "success": false
}
20:10:59.769 INFO  [c.p.p.t.PayinStatusCheckTest] --- Finished: PayinStatusCheckTest ---
]]></system-out>
  </testcase>
  <testcase name="tc02_verifyResponseApiStatusCodeIs200" classname="com.payshack.payin.tests.PayinStatusCheckTest" time="0.525">
    <failure message="API statusCode mismatch expected:&lt;200&gt; but was:&lt;500&gt;" type="java.lang.AssertionError"><![CDATA[java.lang.AssertionError: API statusCode mismatch expected:<200> but was:<500>
	at org.junit.Assert.fail(Assert.java:89)
	at org.junit.Assert.failNotEquals(Assert.java:835)
	at org.junit.Assert.assertEquals(Assert.java:647)
	at com.payshack.payin.tests.PayinStatusCheckTest.tc02_verifyResponseApiStatusCodeIs200(PayinStatusCheckTest.java:56)
	at java.base/jdk.internal.reflect.DirectMethodHandleAccessor.invoke(DirectMethodHandleAccessor.java:103)
	at java.base/java.lang.reflect.Method.invoke(Method.java:580)
	at org.junit.runners.model.FrameworkMethod$1.runReflectiveCall(FrameworkMethod.java:59)
	at org.junit.internal.runners.model.ReflectiveCallable.run(ReflectiveCallable.java:12)
	at org.junit.runners.model.FrameworkMethod.invokeExplosively(FrameworkMethod.java:56)
	at org.junit.internal.runners.statements.InvokeMethod.evaluate(InvokeMethod.java:17)
	at org.junit.internal.runners.statements.RunBefores.evaluate(RunBefores.java:26)
	at org.junit.internal.runners.statements.RunAfters.evaluate(RunAfters.java:27)
	at org.junit.runners.ParentRunner$3.evaluate(ParentRunner.java:306)
	at org.junit.runners.BlockJUnit4ClassRunner$1.evaluate(BlockJUnit4ClassRunner.java:100)
	at org.junit.runners.ParentRunner.runLeaf(ParentRunner.java:366)
	at org.junit.runners.BlockJUnit4ClassRunner.runChild(BlockJUnit4ClassRunner.java:103)
	at org.junit.runners.BlockJUnit4ClassRunner.runChild(BlockJUnit4ClassRunner.java:63)
	at org.junit.runners.ParentRunner$4.run(ParentRunner.java:331)
	at org.junit.runners.ParentRunner$1.schedule(ParentRunner.java:79)
	at org.junit.runners.ParentRunner.runChildren(ParentRunner.java:329)
	at org.junit.runners.ParentRunner.access$100(ParentRunner.java:66)
	at org.junit.runners.ParentRunner$2.evaluate(ParentRunner.java:293)
	at org.junit.runners.ParentRunner$3.evaluate(ParentRunner.java:306)
	at org.junit.runners.ParentRunner.run(ParentRunner.java:413)
	at org.apache.maven.surefire.junit4.JUnit4Provider.execute(JUnit4Provider.java:316)
	at org.apache.maven.surefire.junit4.JUnit4Provider.executeWithRerun(JUnit4Provider.java:240)
	at org.apache.maven.surefire.junit4.JUnit4Provider.executeTestSet(JUnit4Provider.java:214)
	at org.apache.maven.surefire.junit4.JUnit4Provider.invoke(JUnit4Provider.java:155)
	at org.apache.maven.surefire.booter.ForkedBooter.runSuitesInProcess(ForkedBooter.java:385)
	at org.apache.maven.surefire.booter.ForkedBooter.execute(ForkedBooter.java:162)
	at org.apache.maven.surefire.booter.ForkedBooter.run(ForkedBooter.java:507)
	at org.apache.maven.surefire.booter.ForkedBooter.main(ForkedBooter.java:495)
]]></failure>
    <system-out><![CDATA[20:10:59.771 INFO  [c.p.p.t.PayinStatusCheckTest] --- Starting: PayinStatusCheckTest ---
20:10:59.773 INFO  [c.p.payin.api.PayinApiService] POST /indigate-payin-svc/api/v1/payin/ext/txn/status | orderId=your_order_id_here
Request method:	POST
Request URI:	https://api.payshack.in/indigate-payin-svc/api/v1/payin/ext/txn/status
Proxy:			<none>
Request params:	<none>
Query params:	<none>
Form params:	<none>
Path params:	<none>
Headers:		client-id=d6ae4e22-412e-4a0d-aed1-a3fae802d68b
				secret-key=0aecf680-970c-4938-a3e0-2177d293820d
				Accept=*/*
				Content-Type=application/json
Cookies:		<none>
Multiparts:		<none>
Body:
{
    "checksum": "3fe062b191e3c462830900ed9834ade5c3d71bc8a6423239a6c132cb6e264e7d",
    "encryptedBody": "Lp5J5oc83H8ayah3sdlhJ4xmL77dXonAzw5wtUPaPcZlLwfZmJoqrntimOBRm+M8"
}
HTTP/1.1 500 Internal Server Error
Content-Type: application/json; charset=utf-8
Content-Length: 141
Connection: keep-alive
Date: Wed, 17 Jun 2026 14:41:00 GMT
vary: Origin
access-control-allow-origin: *
Server: APISIX/2.15.1
X-APISIX-Upstream-Status: 500
Access-Control-Allow-Methods: *
Access-Control-Max-Age: 5
Access-Control-Expose-Headers: *
Access-Control-Allow-Headers: *

{
    "timestamp": "2026-06-17T14:41:00.172Z",
    "statusCode": 500,
    "status": "Internal Server Error",
    "message": "Transaction not found!",
    "success": false
}
20:11:00.292 INFO  [c.p.p.t.PayinStatusCheckTest] --- Finished: PayinStatusCheckTest ---
]]></system-out>
  </testcase>
  <testcase name="tc03_verifyResponseStatusIsOK" classname="com.payshack.payin.tests.PayinStatusCheckTest" time="0.496">
    <failure message="API status mismatch expected:&lt;[OK]&gt; but was:&lt;[Internal Server Error]&gt;" type="org.junit.ComparisonFailure"><![CDATA[org.junit.ComparisonFailure: API status mismatch expected:<[OK]> but was:<[Internal Server Error]>
	at org.junit.Assert.assertEquals(Assert.java:117)
	at com.payshack.payin.tests.PayinStatusCheckTest.tc03_verifyResponseStatusIsOK(PayinStatusCheckTest.java:62)
	at java.base/jdk.internal.reflect.DirectMethodHandleAccessor.invoke(DirectMethodHandleAccessor.java:103)
	at java.base/java.lang.reflect.Method.invoke(Method.java:580)
	at org.junit.runners.model.FrameworkMethod$1.runReflectiveCall(FrameworkMethod.java:59)
	at org.junit.internal.runners.model.ReflectiveCallable.run(ReflectiveCallable.java:12)
	at org.junit.runners.model.FrameworkMethod.invokeExplosively(FrameworkMethod.java:56)
	at org.junit.internal.runners.statements.InvokeMethod.evaluate(InvokeMethod.java:17)
	at org.junit.internal.runners.statements.RunBefores.evaluate(RunBefores.java:26)
	at org.junit.internal.runners.statements.RunAfters.evaluate(RunAfters.java:27)
	at org.junit.runners.ParentRunner$3.evaluate(ParentRunner.java:306)
	at org.junit.runners.BlockJUnit4ClassRunner$1.evaluate(BlockJUnit4ClassRunner.java:100)
	at org.junit.runners.ParentRunner.runLeaf(ParentRunner.java:366)
	at org.junit.runners.BlockJUnit4ClassRunner.runChild(BlockJUnit4ClassRunner.java:103)
	at org.junit.runners.BlockJUnit4ClassRunner.runChild(BlockJUnit4ClassRunner.java:63)
	at org.junit.runners.ParentRunner$4.run(ParentRunner.java:331)
	at org.junit.runners.ParentRunner$1.schedule(ParentRunner.java:79)
	at org.junit.runners.ParentRunner.runChildren(ParentRunner.java:329)
	at org.junit.runners.ParentRunner.access$100(ParentRunner.java:66)
	at org.junit.runners.ParentRunner$2.evaluate(ParentRunner.java:293)
	at org.junit.runners.ParentRunner$3.evaluate(ParentRunner.java:306)
	at org.junit.runners.ParentRunner.run(ParentRunner.java:413)
	at org.apache.maven.surefire.junit4.JUnit4Provider.execute(JUnit4Provider.java:316)
	at org.apache.maven.surefire.junit4.JUnit4Provider.executeWithRerun(JUnit4Provider.java:240)
	at org.apache.maven.surefire.junit4.JUnit4Provider.executeTestSet(JUnit4Provider.java:214)
	at org.apache.maven.surefire.junit4.JUnit4Provider.invoke(JUnit4Provider.java:155)
	at org.apache.maven.surefire.booter.ForkedBooter.runSuitesInProcess(ForkedBooter.java:385)
	at org.apache.maven.surefire.booter.ForkedBooter.execute(ForkedBooter.java:162)
	at org.apache.maven.surefire.booter.ForkedBooter.run(ForkedBooter.java:507)
	at org.apache.maven.surefire.booter.ForkedBooter.main(ForkedBooter.java:495)
]]></failure>
    <system-out><![CDATA[20:11:00.294 INFO  [c.p.p.t.PayinStatusCheckTest] --- Starting: PayinStatusCheckTest ---
20:11:00.295 INFO  [c.p.payin.api.PayinApiService] POST /indigate-payin-svc/api/v1/payin/ext/txn/status | orderId=your_order_id_here
Request method:	POST
Request URI:	https://api.payshack.in/indigate-payin-svc/api/v1/payin/ext/txn/status
Proxy:			<none>
Request params:	<none>
Query params:	<none>
Form params:	<none>
Path params:	<none>
Headers:		client-id=d6ae4e22-412e-4a0d-aed1-a3fae802d68b
				secret-key=0aecf680-970c-4938-a3e0-2177d293820d
				Accept=*/*
				Content-Type=application/json
Cookies:		<none>
Multiparts:		<none>
Body:
{
    "checksum": "3fe062b191e3c462830900ed9834ade5c3d71bc8a6423239a6c132cb6e264e7d",
    "encryptedBody": "Lp5J5oc83H8ayah3sdlhJ4xmL77dXonAzw5wtUPaPcZlLwfZmJoqrntimOBRm+M8"
}
HTTP/1.1 500 Internal Server Error
Content-Type: application/json; charset=utf-8
Content-Length: 141
Connection: keep-alive
Date: Wed, 17 Jun 2026 14:41:00 GMT
vary: Origin
access-control-allow-origin: *
Server: APISIX/2.15.1
X-APISIX-Upstream-Status: 500
Access-Control-Allow-Methods: *
Access-Control-Max-Age: 5
Access-Control-Expose-Headers: *
Access-Control-Allow-Headers: *

{
    "timestamp": "2026-06-17T14:41:00.683Z",
    "statusCode": 500,
    "status": "Internal Server Error",
    "message": "Transaction not found!",
    "success": false
}
20:11:00.794 INFO  [c.p.p.t.PayinStatusCheckTest] --- Finished: PayinStatusCheckTest ---
]]></system-out>
  </testcase>
  <testcase name="tc04_verifySuccessFlagIsTrue" classname="com.payshack.payin.tests.PayinStatusCheckTest" time="0.515">
    <failure message="success flag should be true" type="java.lang.AssertionError"><![CDATA[java.lang.AssertionError: success flag should be true
	at org.junit.Assert.fail(Assert.java:89)
	at org.junit.Assert.assertTrue(Assert.java:42)
	at com.payshack.payin.tests.PayinStatusCheckTest.tc04_verifySuccessFlagIsTrue(PayinStatusCheckTest.java:68)
	at java.base/jdk.internal.reflect.DirectMethodHandleAccessor.invoke(DirectMethodHandleAccessor.java:103)
	at java.base/java.lang.reflect.Method.invoke(Method.java:580)
	at org.junit.runners.model.FrameworkMethod$1.runReflectiveCall(FrameworkMethod.java:59)
	at org.junit.internal.runners.model.ReflectiveCallable.run(ReflectiveCallable.java:12)
	at org.junit.runners.model.FrameworkMethod.invokeExplosively(FrameworkMethod.java:56)
	at org.junit.internal.runners.statements.InvokeMethod.evaluate(InvokeMethod.java:17)
	at org.junit.internal.runners.statements.RunBefores.evaluate(RunBefores.java:26)
	at org.junit.internal.runners.statements.RunAfters.evaluate(RunAfters.java:27)
	at org.junit.runners.ParentRunner$3.evaluate(ParentRunner.java:306)
	at org.junit.runners.BlockJUnit4ClassRunner$1.evaluate(BlockJUnit4ClassRunner.java:100)
	at org.junit.runners.ParentRunner.runLeaf(ParentRunner.java:366)
	at org.junit.runners.BlockJUnit4ClassRunner.runChild(BlockJUnit4ClassRunner.java:103)
	at org.junit.runners.BlockJUnit4ClassRunner.runChild(BlockJUnit4ClassRunner.java:63)
	at org.junit.runners.ParentRunner$4.run(ParentRunner.java:331)
	at org.junit.runners.ParentRunner$1.schedule(ParentRunner.java:79)
	at org.junit.runners.ParentRunner.runChildren(ParentRunner.java:329)
	at org.junit.runners.ParentRunner.access$100(ParentRunner.java:66)
	at org.junit.runners.ParentRunner$2.evaluate(ParentRunner.java:293)
	at org.junit.runners.ParentRunner$3.evaluate(ParentRunner.java:306)
	at org.junit.runners.ParentRunner.run(ParentRunner.java:413)
	at org.apache.maven.surefire.junit4.JUnit4Provider.execute(JUnit4Provider.java:316)
	at org.apache.maven.surefire.junit4.JUnit4Provider.executeWithRerun(JUnit4Provider.java:240)
	at org.apache.maven.surefire.junit4.JUnit4Provider.executeTestSet(JUnit4Provider.java:214)
	at org.apache.maven.surefire.junit4.JUnit4Provider.invoke(JUnit4Provider.java:155)
	at org.apache.maven.surefire.booter.ForkedBooter.runSuitesInProcess(ForkedBooter.java:385)
	at org.apache.maven.surefire.booter.ForkedBooter.execute(ForkedBooter.java:162)
	at org.apache.maven.surefire.booter.ForkedBooter.run(ForkedBooter.java:507)
	at org.apache.maven.surefire.booter.ForkedBooter.main(ForkedBooter.java:495)
]]></failure>
    <system-out><![CDATA[20:11:00.795 INFO  [c.p.p.t.PayinStatusCheckTest] --- Starting: PayinStatusCheckTest ---
20:11:00.795 INFO  [c.p.payin.api.PayinApiService] POST /indigate-payin-svc/api/v1/payin/ext/txn/status | orderId=your_order_id_here
Request method:	POST
Request URI:	https://api.payshack.in/indigate-payin-svc/api/v1/payin/ext/txn/status
Proxy:			<none>
Request params:	<none>
Query params:	<none>
Form params:	<none>
Path params:	<none>
Headers:		client-id=d6ae4e22-412e-4a0d-aed1-a3fae802d68b
				secret-key=0aecf680-970c-4938-a3e0-2177d293820d
				Accept=*/*
				Content-Type=application/json
Cookies:		<none>
Multiparts:		<none>
Body:
{
    "checksum": "3fe062b191e3c462830900ed9834ade5c3d71bc8a6423239a6c132cb6e264e7d",
    "encryptedBody": "Lp5J5oc83H8ayah3sdlhJ4xmL77dXonAzw5wtUPaPcZlLwfZmJoqrntimOBRm+M8"
}
HTTP/1.1 500 Internal Server Error
Content-Type: application/json; charset=utf-8
Content-Length: 141
Connection: keep-alive
Date: Wed, 17 Jun 2026 14:41:01 GMT
vary: Origin
access-control-allow-origin: *
Server: APISIX/2.15.1
X-APISIX-Upstream-Status: 500
Access-Control-Allow-Methods: *
Access-Control-Max-Age: 5
Access-Control-Expose-Headers: *
Access-Control-Allow-Headers: *

{
    "timestamp": "2026-06-17T14:41:01.191Z",
    "statusCode": 500,
    "status": "Internal Server Error",
    "message": "Transaction not found!",
    "success": false
}
20:11:01.309 INFO  [c.p.p.t.PayinStatusCheckTest] --- Finished: PayinStatusCheckTest ---
]]></system-out>
  </testcase>
  <testcase name="tc05_verifyResponseContainsDataField" classname="com.payshack.payin.tests.PayinStatusCheckTest" time="0.531">
    <failure message="response should contain &apos;data&apos; field" type="java.lang.AssertionError"><![CDATA[java.lang.AssertionError: response should contain 'data' field
	at org.junit.Assert.fail(Assert.java:89)
	at org.junit.Assert.assertTrue(Assert.java:42)
	at org.junit.Assert.assertNotNull(Assert.java:713)
	at com.payshack.payin.tests.PayinStatusCheckTest.tc05_verifyResponseContainsDataField(PayinStatusCheckTest.java:74)
	at java.base/jdk.internal.reflect.DirectMethodHandleAccessor.invoke(DirectMethodHandleAccessor.java:103)
	at java.base/java.lang.reflect.Method.invoke(Method.java:580)
	at org.junit.runners.model.FrameworkMethod$1.runReflectiveCall(FrameworkMethod.java:59)
	at org.junit.internal.runners.model.ReflectiveCallable.run(ReflectiveCallable.java:12)
	at org.junit.runners.model.FrameworkMethod.invokeExplosively(FrameworkMethod.java:56)
	at org.junit.internal.runners.statements.InvokeMethod.evaluate(InvokeMethod.java:17)
	at org.junit.internal.runners.statements.RunBefores.evaluate(RunBefores.java:26)
	at org.junit.internal.runners.statements.RunAfters.evaluate(RunAfters.java:27)
	at org.junit.runners.ParentRunner$3.evaluate(ParentRunner.java:306)
	at org.junit.runners.BlockJUnit4ClassRunner$1.evaluate(BlockJUnit4ClassRunner.java:100)
	at org.junit.runners.ParentRunner.runLeaf(ParentRunner.java:366)
	at org.junit.runners.BlockJUnit4ClassRunner.runChild(BlockJUnit4ClassRunner.java:103)
	at org.junit.runners.BlockJUnit4ClassRunner.runChild(BlockJUnit4ClassRunner.java:63)
	at org.junit.runners.ParentRunner$4.run(ParentRunner.java:331)
	at org.junit.runners.ParentRunner$1.schedule(ParentRunner.java:79)
	at org.junit.runners.ParentRunner.runChildren(ParentRunner.java:329)
	at org.junit.runners.ParentRunner.access$100(ParentRunner.java:66)
	at org.junit.runners.ParentRunner$2.evaluate(ParentRunner.java:293)
	at org.junit.runners.ParentRunner$3.evaluate(ParentRunner.java:306)
	at org.junit.runners.ParentRunner.run(ParentRunner.java:413)
	at org.apache.maven.surefire.junit4.JUnit4Provider.execute(JUnit4Provider.java:316)
	at org.apache.maven.surefire.junit4.JUnit4Provider.executeWithRerun(JUnit4Provider.java:240)
	at org.apache.maven.surefire.junit4.JUnit4Provider.executeTestSet(JUnit4Provider.java:214)
	at org.apache.maven.surefire.junit4.JUnit4Provider.invoke(JUnit4Provider.java:155)
	at org.apache.maven.surefire.booter.ForkedBooter.runSuitesInProcess(ForkedBooter.java:385)
	at org.apache.maven.surefire.booter.ForkedBooter.execute(ForkedBooter.java:162)
	at org.apache.maven.surefire.booter.ForkedBooter.run(ForkedBooter.java:507)
	at org.apache.maven.surefire.booter.ForkedBooter.main(ForkedBooter.java:495)
]]></failure>
    <system-out><![CDATA[20:11:01.310 INFO  [c.p.p.t.PayinStatusCheckTest] --- Starting: PayinStatusCheckTest ---
20:11:01.311 INFO  [c.p.payin.api.PayinApiService] POST /indigate-payin-svc/api/v1/payin/ext/txn/status | orderId=your_order_id_here
Request method:	POST
Request URI:	https://api.payshack.in/indigate-payin-svc/api/v1/payin/ext/txn/status
Proxy:			<none>
Request params:	<none>
Query params:	<none>
Form params:	<none>
Path params:	<none>
Headers:		client-id=d6ae4e22-412e-4a0d-aed1-a3fae802d68b
				secret-key=0aecf680-970c-4938-a3e0-2177d293820d
				Accept=*/*
				Content-Type=application/json
Cookies:		<none>
Multiparts:		<none>
Body:
{
    "checksum": "3fe062b191e3c462830900ed9834ade5c3d71bc8a6423239a6c132cb6e264e7d",
    "encryptedBody": "Lp5J5oc83H8ayah3sdlhJ4xmL77dXonAzw5wtUPaPcZlLwfZmJoqrntimOBRm+M8"
}
HTTP/1.1 500 Internal Server Error
Content-Type: application/json; charset=utf-8
Content-Length: 141
Connection: keep-alive
Date: Wed, 17 Jun 2026 14:41:01 GMT
vary: Origin
access-control-allow-origin: *
Server: APISIX/2.15.1
X-APISIX-Upstream-Status: 500
Access-Control-Allow-Methods: *
Access-Control-Max-Age: 5
Access-Control-Expose-Headers: *
Access-Control-Allow-Headers: *

{
    "timestamp": "2026-06-17T14:41:01.723Z",
    "statusCode": 500,
    "status": "Internal Server Error",
    "message": "Transaction not found!",
    "success": false
}
20:11:01.840 INFO  [c.p.p.t.PayinStatusCheckTest] --- Finished: PayinStatusCheckTest ---
]]></system-out>
  </testcase>
  <testcase name="tc06_verifyDecryptedDataContainsOnlyExpectedFields" classname="com.payshack.payin.tests.PayinStatusCheckTest" time="0.496">
    <failure message="HTTP status should be 200 expected:&lt;200&gt; but was:&lt;500&gt;" type="java.lang.AssertionError"><![CDATA[java.lang.AssertionError: HTTP status should be 200 expected:<200> but was:<500>
	at org.junit.Assert.fail(Assert.java:89)
	at org.junit.Assert.failNotEquals(Assert.java:835)
	at org.junit.Assert.assertEquals(Assert.java:647)
	at com.payshack.payin.tests.PayinStatusCheckTest.fetchAndDecryptStatus(PayinStatusCheckTest.java:33)
	at com.payshack.payin.tests.PayinStatusCheckTest.tc06_verifyDecryptedDataContainsOnlyExpectedFields(PayinStatusCheckTest.java:80)
	at java.base/jdk.internal.reflect.DirectMethodHandleAccessor.invoke(DirectMethodHandleAccessor.java:103)
	at java.base/java.lang.reflect.Method.invoke(Method.java:580)
	at org.junit.runners.model.FrameworkMethod$1.runReflectiveCall(FrameworkMethod.java:59)
	at org.junit.internal.runners.model.ReflectiveCallable.run(ReflectiveCallable.java:12)
	at org.junit.runners.model.FrameworkMethod.invokeExplosively(FrameworkMethod.java:56)
	at org.junit.internal.runners.statements.InvokeMethod.evaluate(InvokeMethod.java:17)
	at org.junit.internal.runners.statements.RunBefores.evaluate(RunBefores.java:26)
	at org.junit.internal.runners.statements.RunAfters.evaluate(RunAfters.java:27)
	at org.junit.runners.ParentRunner$3.evaluate(ParentRunner.java:306)
	at org.junit.runners.BlockJUnit4ClassRunner$1.evaluate(BlockJUnit4ClassRunner.java:100)
	at org.junit.runners.ParentRunner.runLeaf(ParentRunner.java:366)
	at org.junit.runners.BlockJUnit4ClassRunner.runChild(BlockJUnit4ClassRunner.java:103)
	at org.junit.runners.BlockJUnit4ClassRunner.runChild(BlockJUnit4ClassRunner.java:63)
	at org.junit.runners.ParentRunner$4.run(ParentRunner.java:331)
	at org.junit.runners.ParentRunner$1.schedule(ParentRunner.java:79)
	at org.junit.runners.ParentRunner.runChildren(ParentRunner.java:329)
	at org.junit.runners.ParentRunner.access$100(ParentRunner.java:66)
	at org.junit.runners.ParentRunner$2.evaluate(ParentRunner.java:293)
	at org.junit.runners.ParentRunner$3.evaluate(ParentRunner.java:306)
	at org.junit.runners.ParentRunner.run(ParentRunner.java:413)
	at org.apache.maven.surefire.junit4.JUnit4Provider.execute(JUnit4Provider.java:316)
	at org.apache.maven.surefire.junit4.JUnit4Provider.executeWithRerun(JUnit4Provider.java:240)
	at org.apache.maven.surefire.junit4.JUnit4Provider.executeTestSet(JUnit4Provider.java:214)
	at org.apache.maven.surefire.junit4.JUnit4Provider.invoke(JUnit4Provider.java:155)
	at org.apache.maven.surefire.booter.ForkedBooter.runSuitesInProcess(ForkedBooter.java:385)
	at org.apache.maven.surefire.booter.ForkedBooter.execute(ForkedBooter.java:162)
	at org.apache.maven.surefire.booter.ForkedBooter.run(ForkedBooter.java:507)
	at org.apache.maven.surefire.booter.ForkedBooter.main(ForkedBooter.java:495)
]]></failure>
    <system-out><![CDATA[20:11:01.842 INFO  [c.p.p.t.PayinStatusCheckTest] --- Starting: PayinStatusCheckTest ---
20:11:01.844 INFO  [c.p.payin.api.PayinApiService] POST /indigate-payin-svc/api/v1/payin/ext/txn/status | orderId=your_order_id_here
Request method:	POST
Request URI:	https://api.payshack.in/indigate-payin-svc/api/v1/payin/ext/txn/status
Proxy:			<none>
Request params:	<none>
Query params:	<none>
Form params:	<none>
Path params:	<none>
Headers:		client-id=d6ae4e22-412e-4a0d-aed1-a3fae802d68b
				secret-key=0aecf680-970c-4938-a3e0-2177d293820d
				Accept=*/*
				Content-Type=application/json
Cookies:		<none>
Multiparts:		<none>
Body:
{
    "checksum": "3fe062b191e3c462830900ed9834ade5c3d71bc8a6423239a6c132cb6e264e7d",
    "encryptedBody": "Lp5J5oc83H8ayah3sdlhJ4xmL77dXonAzw5wtUPaPcZlLwfZmJoqrntimOBRm+M8"
}
HTTP/1.1 500 Internal Server Error
Content-Type: application/json; charset=utf-8
Content-Length: 141
Connection: keep-alive
Date: Wed, 17 Jun 2026 14:41:02 GMT
vary: Origin
access-control-allow-origin: *
Server: APISIX/2.15.1
X-APISIX-Upstream-Status: 500
Access-Control-Allow-Methods: *
Access-Control-Max-Age: 5
Access-Control-Expose-Headers: *
Access-Control-Allow-Headers: *

{
    "timestamp": "2026-06-17T14:41:02.235Z",
    "statusCode": 500,
    "status": "Internal Server Error",
    "message": "Transaction not found!",
    "success": false
}
20:11:02.334 INFO  [c.p.p.t.PayinStatusCheckTest] --- Finished: PayinStatusCheckTest ---
]]></system-out>
  </testcase>
  <testcase name="tc07_verifyOrderIdMatchesRequest" classname="com.payshack.payin.tests.PayinStatusCheckTest" time="0.507">
    <failure message="HTTP status should be 200 expected:&lt;200&gt; but was:&lt;500&gt;" type="java.lang.AssertionError"><![CDATA[java.lang.AssertionError: HTTP status should be 200 expected:<200> but was:<500>
	at org.junit.Assert.fail(Assert.java:89)
	at org.junit.Assert.failNotEquals(Assert.java:835)
	at org.junit.Assert.assertEquals(Assert.java:647)
	at com.payshack.payin.tests.PayinStatusCheckTest.fetchAndDecryptStatus(PayinStatusCheckTest.java:33)
	at com.payshack.payin.tests.PayinStatusCheckTest.tc07_verifyOrderIdMatchesRequest(PayinStatusCheckTest.java:89)
	at java.base/jdk.internal.reflect.DirectMethodHandleAccessor.invoke(DirectMethodHandleAccessor.java:103)
	at java.base/java.lang.reflect.Method.invoke(Method.java:580)
	at org.junit.runners.model.FrameworkMethod$1.runReflectiveCall(FrameworkMethod.java:59)
	at org.junit.internal.runners.model.ReflectiveCallable.run(ReflectiveCallable.java:12)
	at org.junit.runners.model.FrameworkMethod.invokeExplosively(FrameworkMethod.java:56)
	at org.junit.internal.runners.statements.InvokeMethod.evaluate(InvokeMethod.java:17)
	at org.junit.internal.runners.statements.RunBefores.evaluate(RunBefores.java:26)
	at org.junit.internal.runners.statements.RunAfters.evaluate(RunAfters.java:27)
	at org.junit.runners.ParentRunner$3.evaluate(ParentRunner.java:306)
	at org.junit.runners.BlockJUnit4ClassRunner$1.evaluate(BlockJUnit4ClassRunner.java:100)
	at org.junit.runners.ParentRunner.runLeaf(ParentRunner.java:366)
	at org.junit.runners.BlockJUnit4ClassRunner.runChild(BlockJUnit4ClassRunner.java:103)
	at org.junit.runners.BlockJUnit4ClassRunner.runChild(BlockJUnit4ClassRunner.java:63)
	at org.junit.runners.ParentRunner$4.run(ParentRunner.java:331)
	at org.junit.runners.ParentRunner$1.schedule(ParentRunner.java:79)
	at org.junit.runners.ParentRunner.runChildren(ParentRunner.java:329)
	at org.junit.runners.ParentRunner.access$100(ParentRunner.java:66)
	at org.junit.runners.ParentRunner$2.evaluate(ParentRunner.java:293)
	at org.junit.runners.ParentRunner$3.evaluate(ParentRunner.java:306)
	at org.junit.runners.ParentRunner.run(ParentRunner.java:413)
	at org.apache.maven.surefire.junit4.JUnit4Provider.execute(JUnit4Provider.java:316)
	at org.apache.maven.surefire.junit4.JUnit4Provider.executeWithRerun(JUnit4Provider.java:240)
	at org.apache.maven.surefire.junit4.JUnit4Provider.executeTestSet(JUnit4Provider.java:214)
	at org.apache.maven.surefire.junit4.JUnit4Provider.invoke(JUnit4Provider.java:155)
	at org.apache.maven.surefire.booter.ForkedBooter.runSuitesInProcess(ForkedBooter.java:385)
	at org.apache.maven.surefire.booter.ForkedBooter.execute(ForkedBooter.java:162)
	at org.apache.maven.surefire.booter.ForkedBooter.run(ForkedBooter.java:507)
	at org.apache.maven.surefire.booter.ForkedBooter.main(ForkedBooter.java:495)
]]></failure>
    <system-out><![CDATA[20:11:02.335 INFO  [c.p.p.t.PayinStatusCheckTest] --- Starting: PayinStatusCheckTest ---
20:11:02.336 INFO  [c.p.payin.api.PayinApiService] POST /indigate-payin-svc/api/v1/payin/ext/txn/status | orderId=your_order_id_here
Request method:	POST
Request URI:	https://api.payshack.in/indigate-payin-svc/api/v1/payin/ext/txn/status
Proxy:			<none>
Request params:	<none>
Query params:	<none>
Form params:	<none>
Path params:	<none>
Headers:		client-id=d6ae4e22-412e-4a0d-aed1-a3fae802d68b
				secret-key=0aecf680-970c-4938-a3e0-2177d293820d
				Accept=*/*
				Content-Type=application/json
Cookies:		<none>
Multiparts:		<none>
Body:
{
    "checksum": "3fe062b191e3c462830900ed9834ade5c3d71bc8a6423239a6c132cb6e264e7d",
    "encryptedBody": "Lp5J5oc83H8ayah3sdlhJ4xmL77dXonAzw5wtUPaPcZlLwfZmJoqrntimOBRm+M8"
}
HTTP/1.1 500 Internal Server Error
Content-Type: application/json; charset=utf-8
Content-Length: 141
Connection: keep-alive
Date: Wed, 17 Jun 2026 14:41:02 GMT
vary: Origin
access-control-allow-origin: *
Server: APISIX/2.15.1
X-APISIX-Upstream-Status: 500
Access-Control-Allow-Methods: *
Access-Control-Max-Age: 5
Access-Control-Expose-Headers: *
Access-Control-Allow-Headers: *

{
    "timestamp": "2026-06-17T14:41:02.740Z",
    "statusCode": 500,
    "status": "Internal Server Error",
    "message": "Transaction not found!",
    "success": false
}
20:11:02.843 INFO  [c.p.p.t.PayinStatusCheckTest] --- Finished: PayinStatusCheckTest ---
]]></system-out>
  </testcase>
  <testcase name="tc08_verifyTransactionStatusIsValid" classname="com.payshack.payin.tests.PayinStatusCheckTest" time="0.494">
    <failure message="HTTP status should be 200 expected:&lt;200&gt; but was:&lt;500&gt;" type="java.lang.AssertionError"><![CDATA[java.lang.AssertionError: HTTP status should be 200 expected:<200> but was:<500>
	at org.junit.Assert.fail(Assert.java:89)
	at org.junit.Assert.failNotEquals(Assert.java:835)
	at org.junit.Assert.assertEquals(Assert.java:647)
	at com.payshack.payin.tests.PayinStatusCheckTest.fetchAndDecryptStatus(PayinStatusCheckTest.java:33)
	at com.payshack.payin.tests.PayinStatusCheckTest.tc08_verifyTransactionStatusIsValid(PayinStatusCheckTest.java:95)
	at java.base/jdk.internal.reflect.DirectMethodHandleAccessor.invoke(DirectMethodHandleAccessor.java:103)
	at java.base/java.lang.reflect.Method.invoke(Method.java:580)
	at org.junit.runners.model.FrameworkMethod$1.runReflectiveCall(FrameworkMethod.java:59)
	at org.junit.internal.runners.model.ReflectiveCallable.run(ReflectiveCallable.java:12)
	at org.junit.runners.model.FrameworkMethod.invokeExplosively(FrameworkMethod.java:56)
	at org.junit.internal.runners.statements.InvokeMethod.evaluate(InvokeMethod.java:17)
	at org.junit.internal.runners.statements.RunBefores.evaluate(RunBefores.java:26)
	at org.junit.internal.runners.statements.RunAfters.evaluate(RunAfters.java:27)
	at org.junit.runners.ParentRunner$3.evaluate(ParentRunner.java:306)
	at org.junit.runners.BlockJUnit4ClassRunner$1.evaluate(BlockJUnit4ClassRunner.java:100)
	at org.junit.runners.ParentRunner.runLeaf(ParentRunner.java:366)
	at org.junit.runners.BlockJUnit4ClassRunner.runChild(BlockJUnit4ClassRunner.java:103)
	at org.junit.runners.BlockJUnit4ClassRunner.runChild(BlockJUnit4ClassRunner.java:63)
	at org.junit.runners.ParentRunner$4.run(ParentRunner.java:331)
	at org.junit.runners.ParentRunner$1.schedule(ParentRunner.java:79)
	at org.junit.runners.ParentRunner.runChildren(ParentRunner.java:329)
	at org.junit.runners.ParentRunner.access$100(ParentRunner.java:66)
	at org.junit.runners.ParentRunner$2.evaluate(ParentRunner.java:293)
	at org.junit.runners.ParentRunner$3.evaluate(ParentRunner.java:306)
	at org.junit.runners.ParentRunner.run(ParentRunner.java:413)
	at org.apache.maven.surefire.junit4.JUnit4Provider.execute(JUnit4Provider.java:316)
	at org.apache.maven.surefire.junit4.JUnit4Provider.executeWithRerun(JUnit4Provider.java:240)
	at org.apache.maven.surefire.junit4.JUnit4Provider.executeTestSet(JUnit4Provider.java:214)
	at org.apache.maven.surefire.junit4.JUnit4Provider.invoke(JUnit4Provider.java:155)
	at org.apache.maven.surefire.booter.ForkedBooter.runSuitesInProcess(ForkedBooter.java:385)
	at org.apache.maven.surefire.booter.ForkedBooter.execute(ForkedBooter.java:162)
	at org.apache.maven.surefire.booter.ForkedBooter.run(ForkedBooter.java:507)
	at org.apache.maven.surefire.booter.ForkedBooter.main(ForkedBooter.java:495)
]]></failure>
    <system-out><![CDATA[20:11:02.844 INFO  [c.p.p.t.PayinStatusCheckTest] --- Starting: PayinStatusCheckTest ---
20:11:02.845 INFO  [c.p.payin.api.PayinApiService] POST /indigate-payin-svc/api/v1/payin/ext/txn/status | orderId=your_order_id_here
Request method:	POST
Request URI:	https://api.payshack.in/indigate-payin-svc/api/v1/payin/ext/txn/status
Proxy:			<none>
Request params:	<none>
Query params:	<none>
Form params:	<none>
Path params:	<none>
Headers:		client-id=d6ae4e22-412e-4a0d-aed1-a3fae802d68b
				secret-key=0aecf680-970c-4938-a3e0-2177d293820d
				Accept=*/*
				Content-Type=application/json
Cookies:		<none>
Multiparts:		<none>
Body:
{
    "checksum": "3fe062b191e3c462830900ed9834ade5c3d71bc8a6423239a6c132cb6e264e7d",
    "encryptedBody": "Lp5J5oc83H8ayah3sdlhJ4xmL77dXonAzw5wtUPaPcZlLwfZmJoqrntimOBRm+M8"
}
HTTP/1.1 500 Internal Server Error
Content-Type: application/json; charset=utf-8
Content-Length: 141
Connection: keep-alive
Date: Wed, 17 Jun 2026 14:41:03 GMT
vary: Origin
access-control-allow-origin: *
Server: APISIX/2.15.1
X-APISIX-Upstream-Status: 500
Access-Control-Allow-Methods: *
Access-Control-Max-Age: 5
Access-Control-Expose-Headers: *
Access-Control-Allow-Headers: *

{
    "timestamp": "2026-06-17T14:41:03.239Z",
    "statusCode": 500,
    "status": "Internal Server Error",
    "message": "Transaction not found!",
    "success": false
}
20:11:03.340 INFO  [c.p.p.t.PayinStatusCheckTest] --- Finished: PayinStatusCheckTest ---
]]></system-out>
  </testcase>
  <testcase name="tc09_verifyTxnRefIdIsNotNull" classname="com.payshack.payin.tests.PayinStatusCheckTest" time="0.512">
    <failure message="HTTP status should be 200 expected:&lt;200&gt; but was:&lt;500&gt;" type="java.lang.AssertionError"><![CDATA[java.lang.AssertionError: HTTP status should be 200 expected:<200> but was:<500>
	at org.junit.Assert.fail(Assert.java:89)
	at org.junit.Assert.failNotEquals(Assert.java:835)
	at org.junit.Assert.assertEquals(Assert.java:647)
	at com.payshack.payin.tests.PayinStatusCheckTest.fetchAndDecryptStatus(PayinStatusCheckTest.java:33)
	at com.payshack.payin.tests.PayinStatusCheckTest.tc09_verifyTxnRefIdIsNotNull(PayinStatusCheckTest.java:103)
	at java.base/jdk.internal.reflect.DirectMethodHandleAccessor.invoke(DirectMethodHandleAccessor.java:103)
	at java.base/java.lang.reflect.Method.invoke(Method.java:580)
	at org.junit.runners.model.FrameworkMethod$1.runReflectiveCall(FrameworkMethod.java:59)
	at org.junit.internal.runners.model.ReflectiveCallable.run(ReflectiveCallable.java:12)
	at org.junit.runners.model.FrameworkMethod.invokeExplosively(FrameworkMethod.java:56)
	at org.junit.internal.runners.statements.InvokeMethod.evaluate(InvokeMethod.java:17)
	at org.junit.internal.runners.statements.RunBefores.evaluate(RunBefores.java:26)
	at org.junit.internal.runners.statements.RunAfters.evaluate(RunAfters.java:27)
	at org.junit.runners.ParentRunner$3.evaluate(ParentRunner.java:306)
	at org.junit.runners.BlockJUnit4ClassRunner$1.evaluate(BlockJUnit4ClassRunner.java:100)
	at org.junit.runners.ParentRunner.runLeaf(ParentRunner.java:366)
	at org.junit.runners.BlockJUnit4ClassRunner.runChild(BlockJUnit4ClassRunner.java:103)
	at org.junit.runners.BlockJUnit4ClassRunner.runChild(BlockJUnit4ClassRunner.java:63)
	at org.junit.runners.ParentRunner$4.run(ParentRunner.java:331)
	at org.junit.runners.ParentRunner$1.schedule(ParentRunner.java:79)
	at org.junit.runners.ParentRunner.runChildren(ParentRunner.java:329)
	at org.junit.runners.ParentRunner.access$100(ParentRunner.java:66)
	at org.junit.runners.ParentRunner$2.evaluate(ParentRunner.java:293)
	at org.junit.runners.ParentRunner$3.evaluate(ParentRunner.java:306)
	at org.junit.runners.ParentRunner.run(ParentRunner.java:413)
	at org.apache.maven.surefire.junit4.JUnit4Provider.execute(JUnit4Provider.java:316)
	at org.apache.maven.surefire.junit4.JUnit4Provider.executeWithRerun(JUnit4Provider.java:240)
	at org.apache.maven.surefire.junit4.JUnit4Provider.executeTestSet(JUnit4Provider.java:214)
	at org.apache.maven.surefire.junit4.JUnit4Provider.invoke(JUnit4Provider.java:155)
	at org.apache.maven.surefire.booter.ForkedBooter.runSuitesInProcess(ForkedBooter.java:385)
	at org.apache.maven.surefire.booter.ForkedBooter.execute(ForkedBooter.java:162)
	at org.apache.maven.surefire.booter.ForkedBooter.run(ForkedBooter.java:507)
	at org.apache.maven.surefire.booter.ForkedBooter.main(ForkedBooter.java:495)
]]></failure>
    <system-out><![CDATA[20:11:03.341 INFO  [c.p.p.t.PayinStatusCheckTest] --- Starting: PayinStatusCheckTest ---
20:11:03.342 INFO  [c.p.payin.api.PayinApiService] POST /indigate-payin-svc/api/v1/payin/ext/txn/status | orderId=your_order_id_here
Request method:	POST
Request URI:	https://api.payshack.in/indigate-payin-svc/api/v1/payin/ext/txn/status
Proxy:			<none>
Request params:	<none>
Query params:	<none>
Form params:	<none>
Path params:	<none>
Headers:		client-id=d6ae4e22-412e-4a0d-aed1-a3fae802d68b
				secret-key=0aecf680-970c-4938-a3e0-2177d293820d
				Accept=*/*
				Content-Type=application/json
Cookies:		<none>
Multiparts:		<none>
Body:
{
    "checksum": "3fe062b191e3c462830900ed9834ade5c3d71bc8a6423239a6c132cb6e264e7d",
    "encryptedBody": "Lp5J5oc83H8ayah3sdlhJ4xmL77dXonAzw5wtUPaPcZlLwfZmJoqrntimOBRm+M8"
}
HTTP/1.1 500 Internal Server Error
Content-Type: application/json; charset=utf-8
Content-Length: 141
Connection: keep-alive
Date: Wed, 17 Jun 2026 14:41:03 GMT
vary: Origin
access-control-allow-origin: *
Server: APISIX/2.15.1
X-APISIX-Upstream-Status: 500
Access-Control-Allow-Methods: *
Access-Control-Max-Age: 5
Access-Control-Expose-Headers: *
Access-Control-Allow-Headers: *

{
    "timestamp": "2026-06-17T14:41:03.749Z",
    "statusCode": 500,
    "status": "Internal Server Error",
    "message": "Transaction not found!",
    "success": false
}
20:11:03.852 INFO  [c.p.p.t.PayinStatusCheckTest] --- Finished: PayinStatusCheckTest ---
]]></system-out>
  </testcase>
  <testcase name="tc10_verifyAmountIsNotNull" classname="com.payshack.payin.tests.PayinStatusCheckTest" time="0.493">
    <failure message="HTTP status should be 200 expected:&lt;200&gt; but was:&lt;500&gt;" type="java.lang.AssertionError"><![CDATA[java.lang.AssertionError: HTTP status should be 200 expected:<200> but was:<500>
	at org.junit.Assert.fail(Assert.java:89)
	at org.junit.Assert.failNotEquals(Assert.java:835)
	at org.junit.Assert.assertEquals(Assert.java:647)
	at com.payshack.payin.tests.PayinStatusCheckTest.fetchAndDecryptStatus(PayinStatusCheckTest.java:33)
	at com.payshack.payin.tests.PayinStatusCheckTest.tc10_verifyAmountIsNotNull(PayinStatusCheckTest.java:110)
	at java.base/jdk.internal.reflect.DirectMethodHandleAccessor.invoke(DirectMethodHandleAccessor.java:103)
	at java.base/java.lang.reflect.Method.invoke(Method.java:580)
	at org.junit.runners.model.FrameworkMethod$1.runReflectiveCall(FrameworkMethod.java:59)
	at org.junit.internal.runners.model.ReflectiveCallable.run(ReflectiveCallable.java:12)
	at org.junit.runners.model.FrameworkMethod.invokeExplosively(FrameworkMethod.java:56)
	at org.junit.internal.runners.statements.InvokeMethod.evaluate(InvokeMethod.java:17)
	at org.junit.internal.runners.statements.RunBefores.evaluate(RunBefores.java:26)
	at org.junit.internal.runners.statements.RunAfters.evaluate(RunAfters.java:27)
	at org.junit.runners.ParentRunner$3.evaluate(ParentRunner.java:306)
	at org.junit.runners.BlockJUnit4ClassRunner$1.evaluate(BlockJUnit4ClassRunner.java:100)
	at org.junit.runners.ParentRunner.runLeaf(ParentRunner.java:366)
	at org.junit.runners.BlockJUnit4ClassRunner.runChild(BlockJUnit4ClassRunner.java:103)
	at org.junit.runners.BlockJUnit4ClassRunner.runChild(BlockJUnit4ClassRunner.java:63)
	at org.junit.runners.ParentRunner$4.run(ParentRunner.java:331)
	at org.junit.runners.ParentRunner$1.schedule(ParentRunner.java:79)
	at org.junit.runners.ParentRunner.runChildren(ParentRunner.java:329)
	at org.junit.runners.ParentRunner.access$100(ParentRunner.java:66)
	at org.junit.runners.ParentRunner$2.evaluate(ParentRunner.java:293)
	at org.junit.runners.ParentRunner$3.evaluate(ParentRunner.java:306)
	at org.junit.runners.ParentRunner.run(ParentRunner.java:413)
	at org.apache.maven.surefire.junit4.JUnit4Provider.execute(JUnit4Provider.java:316)
	at org.apache.maven.surefire.junit4.JUnit4Provider.executeWithRerun(JUnit4Provider.java:240)
	at org.apache.maven.surefire.junit4.JUnit4Provider.executeTestSet(JUnit4Provider.java:214)
	at org.apache.maven.surefire.junit4.JUnit4Provider.invoke(JUnit4Provider.java:155)
	at org.apache.maven.surefire.booter.ForkedBooter.runSuitesInProcess(ForkedBooter.java:385)
	at org.apache.maven.surefire.booter.ForkedBooter.execute(ForkedBooter.java:162)
	at org.apache.maven.surefire.booter.ForkedBooter.run(ForkedBooter.java:507)
	at org.apache.maven.surefire.booter.ForkedBooter.main(ForkedBooter.java:495)
]]></failure>
    <system-out><![CDATA[20:11:03.853 INFO  [c.p.p.t.PayinStatusCheckTest] --- Starting: PayinStatusCheckTest ---
20:11:03.854 INFO  [c.p.payin.api.PayinApiService] POST /indigate-payin-svc/api/v1/payin/ext/txn/status | orderId=your_order_id_here
Request method:	POST
Request URI:	https://api.payshack.in/indigate-payin-svc/api/v1/payin/ext/txn/status
Proxy:			<none>
Request params:	<none>
Query params:	<none>
Form params:	<none>
Path params:	<none>
Headers:		client-id=d6ae4e22-412e-4a0d-aed1-a3fae802d68b
				secret-key=0aecf680-970c-4938-a3e0-2177d293820d
				Accept=*/*
				Content-Type=application/json
Cookies:		<none>
Multiparts:		<none>
Body:
{
    "checksum": "3fe062b191e3c462830900ed9834ade5c3d71bc8a6423239a6c132cb6e264e7d",
    "encryptedBody": "Lp5J5oc83H8ayah3sdlhJ4xmL77dXonAzw5wtUPaPcZlLwfZmJoqrntimOBRm+M8"
}
HTTP/1.1 500 Internal Server Error
Content-Type: application/json; charset=utf-8
Content-Length: 141
Connection: keep-alive
Date: Wed, 17 Jun 2026 14:41:04 GMT
vary: Origin
access-control-allow-origin: *
Server: APISIX/2.15.1
X-APISIX-Upstream-Status: 500
Access-Control-Allow-Methods: *
Access-Control-Max-Age: 5
Access-Control-Expose-Headers: *
Access-Control-Allow-Headers: *

{
    "timestamp": "2026-06-17T14:41:04.244Z",
    "statusCode": 500,
    "status": "Internal Server Error",
    "message": "Transaction not found!",
    "success": false
}
20:11:04.344 INFO  [c.p.p.t.PayinStatusCheckTest] --- Finished: PayinStatusCheckTest ---
]]></system-out>
  </testcase>
</testsuite>