<?xml version="1.0" encoding="UTF-8"?>
<testsuite xmlns:xsi="http://www.w3.org/2001/XMLSchema-instance" xsi:noNamespaceSchemaLocation="https://maven.apache.org/surefire/maven-surefire-plugin/xsd/surefire-test-report.xsd" version="3.0.2" name="apiTests.PayinEndToEndApiTest" time="13.215" tests="1" errors="0" skipped="0" failures="0">
  <properties>
[...]
</properties>
  <testcase name="verifyPayinInitiateAndStatusCheckFlow" classname="apiTests.PayinEndToEndApiTest" time="13.174">
    <system-out><![CDATA[Request method:	POST
Request URI:	https://api.payshack.in/payshack-payin/api/v1/payin/ext/txn/initiate-intent
Proxy:			<none>
Request params:	<none>
Query params:	<none>
Form params:	<none>
Path params:	<none>
Headers:		secret-key=0aecf680-970c-4938-a3e0-2177d293820d
				client-id=d6ae4e22-412e-4a0d-aed1-a3fae802d68b
				Accept=*/*
				Content-Type=application/json
Cookies:		<none>
Multiparts:		<none>
Body:
{
    "encryptedBody": "ufLJvWE3ehCTwqWp1zuaf0nSTvFSZJwO8jkoeqUbaALVN6LJs4hjBZsrBpZTRIaEaoCPETwcqtBz1Trh2IpAZVYzt2lfDDG3csTyKeF9webWi24V93jM2Uc6+/aSmI2pqI8GoG1zF4K0ogDwUqTBMcHT7KtUvg5E8CwKt234owUXUFkDf/SpdEVsheMP51QBCcj88KO+kwnjQXROhgyW3uWnll3xJHFZPgSgPMjNDEIMfZ5oNJsPIqO7oGGaeWAd",
    "checksum": "882d4604ac347d8c71c9a13dbb1e1f1fc6cd19085dec6af5e8c78929a51209b2"
}
HTTP/1.1 200 OK
Content-Type: application/json; charset=utf-8
Content-Length: 463
Connection: keep-alive
Date: Wed, 17 Jun 2026 12:38:23 GMT
vary: Origin
access-control-allow-origin: *
Server: APISIX/2.15.1

{
    "timestamp": "2026-06-17T12:38:23.655Z",
    "statusCode": 200,
    "status": "OK",
    "message": "Transaction Initiated Successfully",
    "success": true,
    "data": "OyQO44fMVCZGLDfaviwUyg7+sthHvLMkUpULRq0cEqwiN0nJrOGHFbKJS6VHAfCbmkoFSAA339f6lZVsjonPS8/qzsOAiABtqnf88uppouDhaWS9YpOQWrbMEUslwqsbnKPZBtGChAyGTtAXEi2VhyV9Y/sYS323nL+AwPpvlBbO5Bfj2oU3bKFa0dB9zDqaw9sIQlgKyfiGKlobyDhGm6EqWOnp+L7gjoRe0kNmuGHsNd4PbAueZQasDws2NaFuSgPvttLCfCEjV+yY8/GbwxElwzL3BA0ibxzZbXGCNv0mTix+t5F1k9a4Jjf4y4mT"
}
Initiate Decrypted Response is : {"orderId":"LARNTE7MEK7L9YJY779E","txnRefId":"58Z33F202661760822","paymentUrl":"upi://pay?pa=DisanEssenti351468.airpay@rbl&pn=Disan+Essentials+4&cu=INR&tn=Pay+to+Disan+Essentials+4&am=100.00&mc=5311&mode=04&tr=AIRPAY1958721421"}
OrderId    : LARNTE7MEK7L9YJY779E
TxnRefId   : 58Z33F202661760822
PaymentUrl : upi://pay?pa=DisanEssenti351468.airpay@rbl&pn=Disan+Essentials+4&cu=INR&tn=Pay+to+Disan+Essentials+4&am=100.00&mc=5311&mode=04&tr=AIRPAY1958721421
Request method:	POST
Request URI:	https://api.payshack.in/indigate-payin-svc/api/v1/payin/ext/txn/status
Proxy:			<none>
Request params:	<none>
Query params:	<none>
Form params:	<none>
Path params:	<none>
Headers:		secret-key=0aecf680-970c-4938-a3e0-2177d293820d
				client-id=d6ae4e22-412e-4a0d-aed1-a3fae802d68b
				Accept=*/*
				Content-Type=application/json
Cookies:		<none>
Multiparts:		<none>
Body:
{
    "encryptedBody": "OyQO44fMVCZGLDfaviwUyg7+sthHvLMkUpULRq0cEqwiKrrkKJMkiN9T0XNeujiz",
    "checksum": "055382018bd2a383eb08938574c1117fb056271d8d882526c114abe075016101"
}
HTTP/1.1 200 OK
Content-Type: application/json; charset=utf-8
Content-Length: 340
Connection: keep-alive
Date: Wed, 17 Jun 2026 12:38:34 GMT
vary: Origin
access-control-allow-origin: *
Server: APISIX/2.15.1
Access-Control-Allow-Methods: *
Access-Control-Max-Age: 5
Access-Control-Expose-Headers: *
Access-Control-Allow-Headers: *

{
    "timestamp": "2026-06-17T12:38:34.724Z",
    "statusCode": 200,
    "status": "OK",
    "message": "Transaction Status Fetched Successfully",
    "success": true,
    "data": "W+nQmdJnAcQYO27DAgYmjZZ9jKa/+N+nvX5bVjUXYUmX/mhb1pptIl8JkBfn1Pas7sLrAMhPw7qXF8N4czsQuYqngg+Nb678fhGsGYXIy8K2HnY6RWrxd22MUsPxWb+1EyAaNAg2lzrQOz3D5G/rrQfTdZ6cTYnkntRKYSYBZQMLPjx2v6iZQ7vhgD7F4jOE"
}
Status Decrypted Response is : {"status":"TRANSACTION IN PROCESS","txnRefId":"58Z33F202661760822","utr":"1958721421","orderId":"LARNTE7MEK7L9YJY779E","amount":100}
Status OrderId : LARNTE7MEK7L9YJY779E
Status         : TRANSACTION IN PROCESS
TxnRefId       : 58Z33F202661760822
UTR            : 1958721421
Amount         : 100
]]></system-out>
  </testcase>
</testsuite>