<?xml version="1.0" encoding="UTF-8"?>
<testsuite xmlns:xsi="http://www.w3.org/2001/XMLSchema-instance" xsi:noNamespaceSchemaLocation="https://maven.apache.org/surefire/maven-surefire-plugin/xsd/surefire-test-report.xsd" version="3.0.2" name="com.payshack.payin.tests.PayinEndToEndTest" time="3.118" tests="2" errors="0" skipped="0" failures="1">
  <properties>
[...]
</properties>
  <testcase name="tc01_initiatePayinTransaction" classname="com.payshack.payin.tests.PayinEndToEndTest" time="3.066">
    <system-out><![CDATA[20:10:37.063 INFO  [c.p.payin.utils.ConfigReader] Loaded config: config/config.properties (env=dev)
20:10:37.065 INFO  [c.p.p.tests.PayinEndToEndTest] --- Starting: PayinEndToEndTest ---
20:10:37.139 INFO  [c.p.payin.api.PayinApiService] POST /payshack-payin/api/v1/payin/ext/txn/initiate-intent | orderId=TL5TTET86GE4Y66E9PR7
Request method:	POST
Request URI:	https://api.payshack.in/payshack-payin/api/v1/payin/ext/txn/initiate-intent
Proxy:			<none>
Request params:	<none>
Query params:	<none>
Form params:	<none>
Path params:	<none>
Headers:		client-id=d6ae4e22-412e-4a0d-aed1-a3fae802d68b
				secret-key=0aecf680-970c-4938-a3e0-2177d293820d
				Accept=*/*
				Content-Type=application/json
Cookies:		<none>
Multiparts:		<none>
Body:
{
    "checksum": "a5bc309f0f3bbfc655fa2c75cc7c8c301e4b87a0979bf0879f04d348d6c5eb0e",
    "encryptedBody": "l4FXA8TecNLuqzLab96nB+U4N9A7sQPxjZQCIKC34j3SgZJQbUKYIadeuUF2XoOVCbI2rQKkBSkcjG7vxIM8MoSwDKcbsCoNRylfEXWiDKMhBH5jARk3bWl063Z3J7Ec4RPwU+17WMbaTF67ONiW4dbw6o/wtiC3onxajU6LRoLk8+4jKQ65grEd6YpuPRzWWFNUo4OOpcjECmExkD2HgvTI0nqrAkJBYIK4Gc8Wu6u22VWRfxvRkb7E0QeBI1pL"
}
HTTP/1.1 200 OK
Content-Type: application/json; charset=utf-8
Content-Length: 463
Connection: keep-alive
Date: Wed, 17 Jun 2026 14:40:39 GMT
vary: Origin
access-control-allow-origin: *
Server: APISIX/2.15.1

{
    "timestamp": "2026-06-17T14:40:39.350Z",
    "statusCode": 200,
    "status": "OK",
    "message": "Transaction Initiated Successfully",
    "success": true,
    "data": "l4FXA8TecNLuqzLab96nB+U4N9A7sQPxjZQCIKC34j0E4ktZEE7C9RMtZacvCS8+dUVfSw/AhW/65EDOPuq7Vx3+SfFZSMYjZzd5baSspteObBHxr3RTQ8My+GGn+/+wPkVlYv7U/hMarNrIWf5fhAAs7TD3f2X8P3U6njbWF82MTxZ5cajMe5Z1IFhu0VfDwlW1LJCcMlPnyG2qyJrZTACn80STz3FLkkMfZKa2QC4Pb5f4nTL97fCxv6rvX9lyIwyTGQoLgxFJU9pjmn9W1Wg1eVaGp+ZUqeh6+Yq7J31BalQmAA/AfaJfTh/83S8f"
}
20:10:39.836 DEBUG [c.p.payin.api.PayinApiService] Decrypted response: {"orderId":"TL5TTET86GE4Y66E9PR7","txnRefId":"TRAOCB202661781038","paymentUrl":"upi://pay?pa=DisanEssenti351468.airpay@rbl&pn=Disan+Essentials+4&cu=INR&tn=Pay+to+Disan+Essentials+4&am=100.00&mc=5311&mode=04&tr=AIRPAY1958849159"}
20:10:39.846 INFO  [c.p.p.tests.PayinEndToEndTest] Initiated | orderId=TL5TTET86GE4Y66E9PR7 | txnRefId=TRAOCB202661781038
20:10:39.846 INFO  [c.p.p.tests.PayinEndToEndTest] --- Finished: PayinEndToEndTest ---
]]></system-out>
  </testcase>
  <testcase name="tc02_verifyPayinStatus" classname="com.payshack.payin.tests.PayinEndToEndTest" time="0.003">
    <failure message="tc01 must run first to set orderId" type="java.lang.AssertionError"><![CDATA[java.lang.AssertionError: tc01 must run first to set orderId
	at org.junit.Assert.fail(Assert.java:89)
	at org.junit.Assert.assertTrue(Assert.java:42)
	at org.junit.Assert.assertNotNull(Assert.java:713)
	at com.payshack.payin.tests.PayinEndToEndTest.tc02_verifyPayinStatus(PayinEndToEndTest.java:65)
	at java.base/jdk.internal.reflect.DirectMethodHandleAccessor.invoke(DirectMethodHandleAccessor.java:103)
	at java.base/java.lang.reflect.Method.invoke(Method.java:580)
	at org.junit.runners.model.FrameworkMethod$1.runReflectiveCall(FrameworkMethod.java:59)
	at org.junit.internal.runners.model.ReflectiveCallable.run(ReflectiveCallable.java:12)
	at org.junit.runners.model.FrameworkMethod.invokeExplosively(FrameworkMethod.java:56)
	at org.junit.internal.runners.statements.InvokeMethod.evaluate(InvokeMethod.java:17)
	at org.junit.internal.runners.statements.RunBefores.evaluate(RunBefores.java:26)
	at org.junit.internal.runners.statements.RunAfters.evaluate(RunAfters.java:27)
	at org.junit.runners.ParentRunner$3.evaluate(ParentRunner.java:306)
	at org.junit.runners.BlockJUnit4ClassRunner$1.evaluate(BlockJUnit4ClassRunner.java:100)
	at org.junit.runners.ParentRunner.runLeaf(ParentRunner.java:366)
	at org.junit.runners.BlockJUnit4ClassRunner.runChild(BlockJUnit4ClassRunner.java:103)
	at org.junit.runners.BlockJUnit4ClassRunner.runChild(BlockJUnit4ClassRunner.java:63)
	at org.junit.runners.ParentRunner$4.run(ParentRunner.java:331)
	at org.junit.runners.ParentRunner$1.schedule(ParentRunner.java:79)
	at org.junit.runners.ParentRunner.runChildren(ParentRunner.java:329)
	at org.junit.runners.ParentRunner.access$100(ParentRunner.java:66)
	at org.junit.runners.ParentRunner$2.evaluate(ParentRunner.java:293)
	at org.junit.runners.ParentRunner$3.evaluate(ParentRunner.java:306)
	at org.junit.runners.ParentRunner.run(ParentRunner.java:413)
	at org.apache.maven.surefire.junit4.JUnit4Provider.execute(JUnit4Provider.java:316)
	at org.apache.maven.surefire.junit4.JUnit4Provider.executeWithRerun(JUnit4Provider.java:240)
	at org.apache.maven.surefire.junit4.JUnit4Provider.executeTestSet(JUnit4Provider.java:214)
	at org.apache.maven.surefire.junit4.JUnit4Provider.invoke(JUnit4Provider.java:155)
	at org.apache.maven.surefire.booter.ForkedBooter.runSuitesInProcess(ForkedBooter.java:385)
	at org.apache.maven.surefire.booter.ForkedBooter.execute(ForkedBooter.java:162)
	at org.apache.maven.surefire.booter.ForkedBooter.run(ForkedBooter.java:507)
	at org.apache.maven.surefire.booter.ForkedBooter.main(ForkedBooter.java:495)
]]></failure>
    <system-out><![CDATA[20:10:39.848 INFO  [c.p.p.tests.PayinEndToEndTest] --- Starting: PayinEndToEndTest ---
20:10:39.848 INFO  [c.p.p.tests.PayinEndToEndTest] --- Finished: PayinEndToEndTest ---
]]></system-out>
  </testcase>
</testsuite>